============================= test session starts =============================
platform win32 -- Python 3.13.5, pytest-9.1.1, pluggy-1.6.0 -- C:\Users\Admin\venvs\tanitad\Scripts\python.exe
rootdir: D:\Projects\TanitAD\stack
configfile: pyproject.toml
plugins: anyio-4.14.1
collecting ... collected 9 items

stack\tests\test_corpus_mirror_stage.py::test_matching_mirror_stages_every_file_and_the_copies_match PASSED [ 11%]
stack\tests\test_corpus_mirror_stage.py::test_one_byte_tamper_at_the_same_size_refuses_and_stages_nothing PASSED [ 22%]
stack\tests\test_corpus_mirror_stage.py::test_truncated_file_refuses PASSED [ 33%]
stack\tests\test_corpus_mirror_stage.py::test_missing_file_refuses PASSED [ 44%]
stack\tests\test_corpus_mirror_stage.py::test_hf_disagreeing_with_itself_refuses PASSED [ 55%]
stack\tests\test_corpus_mirror_stage.py::test_a_clip_absent_from_hf_refuses PASSED [ 66%]
stack\tests\test_corpus_mirror_stage.py::test_hardlink_mode_links_rather_than_copies PASSED [ 77%]
stack\tests\test_corpus_mirror_stage.py::test_one_byte_tamper_refuses_in_hardlink_mode_too PASSED [ 88%]
stack\tests\test_corpus_mirror_stage.py::test_verify_file_refuses_a_wrong_hash PASSED [100%]

============================== 9 passed in 0.67s ==============================
