============================= test session starts =============================
platform win32 -- Python 3.13.5, pytest-9.1.1, pluggy-1.6.0 -- C:\Users\Admin\venvs\tanitad\Scripts\python.exe
cachedir: .pytest_cache
rootdir: C:\Users\Admin\tanitad-wt-join3d\stack
configfile: pyproject.toml
plugins: anyio-4.14.1
collecting ... collected 16 items

tests/test_refcv6_perception_realdata.py::test_every_map_on_the_box_opens_as_its_own_clip PASSED [  6%]
tests/test_refcv6_perception_realdata.py::test_MUT_a_map_renamed_to_another_clip_is_refused PASSED [ 12%]
tests/test_refcv6_perception_realdata.py::test_coverage_on_the_real_windows_and_the_floor_bites PASSED [ 18%]
tests/test_refcv6_perception_realdata.py::test_alignment_assertion_holds_and_an_off_by_n_stack_goes_red PASSED [ 25%]
tests/test_refcv6_perception_realdata.py::test_collate_returns_the_label_grid_with_a_plausible_seen_share PASSED [ 31%]
tests/test_refcv6_perception_realdata.py::test_first_six_columns_are_agents_at_time PASSED [ 37%]
tests/test_refcv6_perception_realdata.py::test_the_join_carries_no_z_and_the_parquet_does PASSED [ 43%]
tests/test_refcv6_perception_realdata.py::test_cuboids_are_ground_standing_as_the_spec_says PASSED [ 50%]
tests/test_refcv6_perception_realdata.py::test_MUT_a_2d_obstacle_table_is_refused_not_imputed PASSED [ 56%]
tests/test_refcv6_perception_realdata.py::test_orientation_guard_mirror_goes_red PASSED [ 62%]
tests/test_refcv6_perception_realdata.py::test_MUT_the_guard_itself_fails_when_the_lift_is_mirrored PASSED [ 68%]
tests/test_refcv6_perception_realdata.py::test_the_power_constant_is_computed_not_chosen PASSED [ 75%]
tests/test_refcv6_perception_realdata.py::test_the_whole_map_branch_runs_on_real_frames_and_the_loss_reaches_the_trunk PASSED [ 81%]
tests/test_refcv6_perception_realdata.py::test_the_lift_puts_left_on_the_left_for_every_clip PASSED [ 87%]
tests/test_refcv6_perception_realdata.py::test_the_3d_join_reaches_the_height_targets PASSED [ 93%]
tests/test_refcv6_perception_realdata.py::test_the_join_covers_every_agent_frame_it_ships PASSED [100%]

============================== warnings summary ===============================
tests/test_refcv6_perception_realdata.py::test_the_3d_join_reaches_the_height_targets
  C:\Users\Admin\tanitad-wt-join3d\stack\tests\test_refcv6_perception_realdata.py:580: UserWarning: Converting a tensor with requires_grad=True to a scalar may lead to unexpected behavior.
  Consider using tensor.detach() first. (Triggered internally at C:\actions-runner\_work\pytorch\pytorch\pytorch\torch\csrc\autograd\generated\python_variable_methods.cpp:837.)
    assert abs(float(with_labels["total"]) - float(without["total"])) > 1e-6, (

-- Docs: https://docs.pytest.org/en/stable/how-to/capture-warnings.html
================== 16 passed, 1 warning in 329.96s (0:05:29) ==================
